Compilación iniciada a las 26/05/2022 15:56:35.
     1>Proyecto "C:\Users\alicia.las.heras\Desktop\SIM.vcxproj" en el nodo 2 (Build destinos).
     1>C:\Program Files (x86)\MSBuild\Microsoft.Cpp\v4.0\V140\Microsoft.CppBuild.targets(392,5): warning MSB8028: The intermediate directory (Debug\) contains files shared from another project (codigo2.vcxproj).  This can lead to incorrect clean and rebuild behavior.
     1>ClCompile:
         C:\Program Files (x86)\Microsoft Visual Studio 14.0\VC\bin\CL.exe /c /Zi /nologo /W3 /WX- /Od /Oy- /D WIN32 /D _DEBUG /D _CONSOLE /Gm /EHsc /RTC1 /MDd /GS /fp:precise /Zc:wchar_t /Zc:forScope /Zc:inline /Fo"Debug\\" /Fd"Debug\vc140.pdb" /Gd /TP /analyze- /errorReport:prompt "..\downloads\vcode 2\vcode\eventlist.cpp" "..\downloads\vcode 2\vcode\passenger.cpp" "..\downloads\vcode 2\vcode\simulator.cpp"
         simulator.cpp
     1>..\downloads\vcode 2\vcode\simulator.cpp(301): warning C4244: 'inicializando': conversión de 'int' a 'float'; posible pérdida de datos
     1>..\downloads\vcode 2\vcode\simulator.cpp(401): warning C4244: '=': conversión de 'int' a 'float'; posible pérdida de datos
     1>..\downloads\vcode 2\vcode\simulator.cpp(411): warning C4244: 'inicializando': conversión de 'int' a 'float'; posible pérdida de datos
         Generando código...
         Omitiendo... (no se detectaron cambios relevantes)
         passenger.cpp
         eventlist.cpp
       Link:
         C:\Program Files (x86)\Microsoft Visual Studio 14.0\VC\bin\link.exe /ERRORREPORT:PROMPT /OUT:"C:\Users\alicia.las.heras\Desktop\Debug\SIM.exe" /INCREMENTAL /NOLOGO kernel32.lib user32.lib gdi32.lib winspool.lib comdlg32.lib advapi32.lib shell32.lib ole32.lib oleaut32.lib uuid.lib odbc32.lib odbccp32.lib /MANIFEST /MANIFESTUAC:"level='asInvoker' uiAccess='false'" /manifest:embed /Debug /PDB:"C:\Users\alicia.las.heras\Desktop\Debug\SIM.pdb" /SUBSYSTEM:CONSOLE /TLBID:1 /DYNAMICBASE /NXCOMPAT /IMPLIB:"C:\Users\alicia.las.heras\Desktop\Debug\SIM.lib" /MACHINE:X86 Debug\destructorObject.obj
         Debug\eventlist.obj
         Debug\main.obj
         Debug\montyobject.obj
         Debug\passenger.obj
         Debug\simulationevent.obj
         Debug\simulationObject.obj
         Debug\simulator.obj
         SIM.vcxproj -> C:\Users\alicia.las.heras\Desktop\Debug\SIM.exe
     1>Compilación del proyecto terminada "C:\Users\alicia.las.heras\Desktop\SIM.vcxproj" (Build destinos).

Compilación correcta.

Tiempo transcurrido 00:00:01.10
